2025-05-22 21:11:35.164 [info] [main] Log level: Info
2025-05-22 21:11:35.164 [info] [main] Validating found git in: "git"
2025-05-22 21:11:35.164 [info] [main] Using git "2.49.0" from "git"
2025-05-22 21:11:35.164 [info] [Model][doInitialScan] Initial repository scan started
2025-05-22 21:11:35.164 [info] > git rev-parse --show-toplevel [13ms]
2025-05-22 21:11:35.164 [info] fatal: not a git repository (or any of the parent directories): .git
2025-05-22 21:11:35.164 [info] > git rev-parse --show-toplevel [68ms]
2025-05-22 21:11:35.164 [info] fatal: not a git repository (or any of the parent directories): .git
2025-05-22 21:11:35.164 [info] [Model][doInitialScan] Initial repository scan completed - repositories (0), closed repositories (0), parent repositories (0), unsafe repositories (0)
2025-05-22 21:11:35.166 [info] > git rev-parse --show-toplevel [4ms]
2025-05-22 21:11:35.166 [info] fatal: not a git repository (or any of the parent directories): .git
2025-05-22 21:11:35.623 [info] > git rev-parse --show-toplevel [8ms]
2025-05-22 21:11:35.623 [info] fatal: not a git repository (or any of the parent directories): .git
2025-05-22 21:11:35.886 [info] > git rev-parse --show-toplevel [7ms]
2025-05-22 21:11:35.887 [info] fatal: not a git repository (or any of the parent directories): .git
2025-05-22 21:11:36.004 [info] > git rev-parse --show-toplevel [2ms]
2025-05-22 21:11:36.004 [info] fatal: not a git repository (or any of the parent directories): .git
2025-05-22 21:11:39.453 [info] > git rev-parse --show-toplevel [3ms]
2025-05-22 21:11:39.453 [info] fatal: not a git repository (or any of the parent directories): .git
2025-05-22 21:11:44.298 [info] > git rev-parse --show-toplevel [3ms]
2025-05-22 21:11:44.298 [info] fatal: not a git repository (or any of the parent directories): .git
